[03-13 14:49:35][8]: [古城探宝]未发现可用的限时地图, 不执行
[03-13 14:49:42][8]: [国战][关羽][屯田区蜀]->[成都]<去都城>
[03-13 14:49:42][8]: [国战]获取屯田奖励, 粮食+202000
[03-13 14:49:42][8]: [国战][甘宁][屯田区蜀]->[成都]<去都城>
[03-13 14:49:42][8]: [国战]获取屯田奖励, 粮食+202000
[03-13 14:49:42][8]: [国战][貂蝉][屯田区蜀]->[成都]<去都城>
[03-13 14:49:42][8]: [国战]获取屯田奖励, 粮食+202000
[03-13 14:49:42][8]: [国战][周泰][屯田区蜀]->[成都]<去都城>
[03-13 14:49:42][8]: [国战]获取屯田奖励, 粮食+202000
[03-13 14:49:42][8]: [国战][祝融][屯田区蜀]->[成都]<去都城>
[03-13 14:49:42][8]: [国战]获取屯田奖励, 粮食+202000
[03-13 14:49:42][8]: [国战][关羽<成都>]训练结束, 正在返回[成都]
[03-13 14:49:42][8]: [国战][甘宁<成都>]训练结束, 正在返回[成都]
[03-13 14:49:42][8]: [国战][貂蝉<成都>]训练结束, 正在返回[成都]
[03-13 14:49:42][8]: [国战][周泰<成都>]训练结束, 正在返回[成都]
[03-13 14:49:42][8]: [国战][祝融<成都>]训练结束, 正在返回[成都]
[03-13 14:50:03][8]: [国战][祝融,貂蝉,关羽,甘宁,周泰,]开始攻打副本[魏延<ID:186>]
[03-13 14:50:40][8]: [精英武斗|跨服争霸]投票完毕
[03-13 14:50:59][8]: [锻造宝物2]熔炉2(657)所铸造宝物[琉璃玉符]底层材料不足, 等待下次刷新
[03-13 14:51:10][8]: [军需处]当前所有商品:[银币*10万]==>[木材*2万<红色>]<1846>; [银币*15万]==>[粮食*10000<白色>]<1847>; [银币*15万]==>[粮食*10000<白色>]<1848>; [银币*1000]==>[募兵令*3<绿色>]<1849>; [金币*4000]==>[鲁桑一图纸*1]<1850>; [银币*30万]==>[一级宝石*100<蓝色>]<1851>; [银币*10万]==>[蟠龙华盖*1]<1852>; [银币*30万]==>[一级宝石*500<红色>]<1853>; [银币*10万]==>[木材*10000<黄色>]<1854>; 
[03-13 14:52:14][5]: 获取觉醒丝绸,  丝绸+5000 
[03-13 14:53:52][8]: [国战][关羽][成都]->[屯田区蜀]<去屯田>
[03-13 14:53:52][8]: [国战][貂蝉][成都]->[屯田区蜀]<去屯田>
[03-13 14:53:52][8]: [国战][祝融][成都]->[屯田区蜀]<去屯田>
[03-13 14:53:52][8]: [国战][甘宁][成都]->[屯田区蜀]<去屯田>
[03-13 14:53:52][8]: [国战][关羽<屯田区蜀>]到[屯田区蜀]参与屯田
[03-13 14:53:52][8]: [国战][貂蝉<屯田区蜀>]到[屯田区蜀]参与屯田
[03-13 14:53:53][8]: [国战][祝融<屯田区蜀>]到[屯田区蜀]参与屯田
[03-13 14:53:53][8]: [国战][甘宁<屯田区蜀>]到[屯田区蜀]参与屯田
[03-13 14:53:53][8]: [国战][周泰][成都]->[屯田区蜀]<去屯田>
[03-13 14:53:53][8]: [国战][周泰<屯田区蜀>]到[屯田区蜀]参与屯田
[03-13 15:00:02][8]: [锻造宝物2]宝物材料:熔炉[2<657>],宝物[琉璃玉符],材料<琉璃:48/55>, 子进度:[琉璃块:0/30]
[03-13 15:00:02][8]: [锻造宝物2]宝物材料:熔炉[2<657>],宝物[琉璃玉符],材料<琉璃:48/55>, 子进度:[琉璃块:1/30]
[03-13 15:00:52][4]: 开启跨服战连接
[03-13 15:00:52][22]: 跨服战连接成功
[03-13 15:00:53][8]: [跨服_远征]<关羽>[成都]==>[陇西北]<开赴战场>
[03-13 15:00:53][8]: [跨服_远征]获取跨服远征防守物资,  粮食+600万  免费借兵+60 
[03-13 15:00:53][8]: [跨服_远征]命令武将[关羽]到[陇西北]参与防守国战
[03-13 15:00:53][8]: [跨服_远征]<甘宁>[成都]==>[陇西北]<开赴战场>
[03-13 15:00:53][8]: [跨服_远征]<貂蝉>[成都]==>[陇西北]<开赴战场>
[03-13 15:00:53][8]: [跨服_远征]<周泰>[成都]==>[陇西北]<开赴战场>
[03-13 15:00:53][8]: [跨服_远征]<祝融>[成都]==>[陇西北]<开赴战场>
[03-13 15:00:53][8]: [跨服_远征]命令武将[甘宁]到[陇西北]参与防守国战
[03-13 15:00:53][8]: [跨服_远征]命令武将[貂蝉]到[陇西北]参与防守国战
[03-13 15:00:53][8]: [跨服_远征]命令武将[周泰]到[陇西北]参与防守国战
[03-13 15:00:53][8]: [跨服_远征]命令武将[祝融]到[陇西北]参与防守国战
[03-13 15:00:55][8]: [古城探宝]未发现可用的限时地图, 不执行
[03-13 15:01:04][8]: [锻造宝物2]熔炉2(657)所铸造宝物[琉璃玉符]底层材料不足, 等待下次刷新
[03-13 15:02:00][8]: [国战]领取整点杀敌榜奖励,  粮食+5.5万 
[03-13 15:02:33][8]: [跨服_远征]发现官员令:[潼关]
[03-13 15:05:48][8]: [跨服_远征]发现官员令:[潼关]
[03-13 15:08:00][8]: [国战]建筑队[成都]->[晋阳]<世界事件[资源事件]>
[03-13 15:08:00][8]: [国战]使用文官技能对[吴郡]工事进行[破坏]
[03-13 15:11:48][8]: [国战]建筑队[成都]->[晋阳]<世界事件[资源事件]>
[03-13 15:13:55][8]: [锻造宝物2]宝物材料:熔炉[2<657>],宝物[琉璃玉符],材料<琉璃:48/55>, 子进度:[琉璃块:1/30]
[03-13 15:13:55][8]: [锻造宝物2]熔炉1(431)收取[木炭80]或其初锻材料
[03-13 15:13:56][8]: [锻造宝物2]宝物材料:熔炉[2<657>],宝物[琉璃玉符],材料<琉璃:48/55>, 子进度:[琉璃块:1/30]
[03-13 15:13:56][8]: [锻造宝物2]熔炉1(431)选择宝物图纸[木炭80]~
[03-13 15:13:56][8]: [锻造宝物2]宝物材料:熔炉[2<657>],宝物[琉璃玉符],材料<琉璃:48/55>, 子进度:[琉璃块:1/30]
[03-13 15:13:56][8]: [锻造宝物2]熔炉1(431)设置为[木炭80]，当前图纸为[木炭80]，开始执行
[03-13 15:13:56][8]: [锻造宝物2]熔炉2(657)所铸造宝物[琉璃玉符]底层材料不足, 等待下次刷新
[03-13 15:14:00][8]: [国战]建筑队[成都]->[晋阳]<世界事件[资源事件]>
[03-13 15:14:00][8]: [国战]世界事件:[粮食+120000] [[type=0]+0]
[03-13 15:14:00][8]: [国战][晋阳]处理世界事件, 获得 [粮食+120000]
[03-13 15:14:00][8]: [国战]建筑队[晋阳]->[南皮]<屠城战利品>
[03-13 15:14:11][8]: [国战]获取屯田奖励, 粮食+101000
[03-13 15:14:11][8]: [国战]获取屯田奖励, 粮食+101000
[03-13 15:14:11][8]: [国战]获取屯田奖励, 粮食+101000
[03-13 15:14:11][8]: [国战]获取屯田奖励, 粮食+101000
[03-13 15:14:11][8]: [国战]获取屯田奖励, 粮食+101000
[03-13 15:14:57][8]: [锻造宝物2]熔炉2(657)所铸造宝物[琉璃玉符]底层材料不足, 等待下次刷新
[03-13 15:15:15][8]: [国战][关羽][屯田区蜀]->[成都]<去都城>
[03-13 15:15:15][8]: [国战][甘宁][屯田区蜀]->[成都]<去都城>
[03-13 15:15:15][8]: [国战][貂蝉][屯田区蜀]->[成都]<去都城>
[03-13 15:15:15][8]: [国战][周泰][屯田区蜀]->[成都]<去都城>
[03-13 15:15:15][8]: [国战][祝融][屯田区蜀]->[成都]<去都城>
[03-13 15:15:16][8]: [国战][关羽][屯田区蜀]->[成都]<去都城>
[03-13 15:15:16][8]: [国战][甘宁][屯田区蜀]->[成都]<去都城>
[03-13 15:15:16][8]: [国战][貂蝉][屯田区蜀]->[成都]<去都城>
[03-13 15:15:16][8]: [国战][周泰][屯田区蜀]->[成都]<去都城>
[03-13 15:15:16][8]: [国战][祝融][屯田区蜀]->[成都]<去都城>
[03-13 15:15:25][8]: [国战][关羽][屯田区蜀]->[成都]<去都城>
[03-13 15:15:25][8]: [国战][甘宁][屯田区蜀]->[成都]<去都城>
[03-13 15:15:25][8]: [国战][貂蝉][屯田区蜀]->[成都]<去都城>
[03-13 15:15:25][8]: [国战][周泰][屯田区蜀]->[成都]<去都城>
[03-13 15:15:25][8]: [国战][祝融][屯田区蜀]->[成都]<去都城>
[03-13 15:15:35][8]: [国战][关羽][屯田区蜀]->[成都]<去都城>
[03-13 15:15:35][8]: [国战][甘宁][屯田区蜀]->[成都]<去都城>
[03-13 15:15:35][8]: [国战][貂蝉][屯田区蜀]->[成都]<去都城>
[03-13 15:15:35][8]: [国战][周泰][屯田区蜀]->[成都]<去都城>
[03-13 15:15:36][8]: [国战][祝融][屯田区蜀]->[成都]<去都城>
[03-13 15:15:46][8]: [国战][关羽][屯田区蜀]->[成都]<去都城>
[03-13 15:15:46][8]: [国战][甘宁][屯田区蜀]->[成都]<去都城>
[03-13 15:15:46][8]: [国战][貂蝉][屯田区蜀]->[成都]<去都城>
[03-13 15:15:46][8]: [国战][周泰][屯田区蜀]->[成都]<去都城>
[03-13 15:15:46][8]: [国战][祝融][屯田区蜀]->[成都]<去都城>
[03-13 15:15:56][8]: [国战][关羽][屯田区蜀]->[成都]<去都城>
[03-13 15:15:56][8]: [国战][甘宁][屯田区蜀]->[成都]<去都城>
[03-13 15:15:56][8]: [国战][貂蝉][屯田区蜀]->[成都]<去都城>
[03-13 15:15:56][8]: [国战][周泰][屯田区蜀]->[成都]<去都城>
[03-13 15:15:56][8]: [国战][祝融][屯田区蜀]->[成都]<去都城>
[03-13 15:16:06][8]: [国战][关羽][屯田区蜀]->[成都]<去都城>
[03-13 15:16:06][8]: [国战][甘宁][屯田区蜀]->[成都]<去都城>
[03-13 15:16:06][8]: [国战][貂蝉][屯田区蜀]->[成都]<去都城>
[03-13 15:16:06][8]: [国战][周泰][屯田区蜀]->[成都]<去都城>
[03-13 15:16:06][8]: [国战][祝融][屯田区蜀]->[成都]<去都城>
[03-13 15:16:16][8]: [国战][关羽][屯田区蜀]->[成都]<去都城>
[03-13 15:16:16][8]: [国战][甘宁][屯田区蜀]->[成都]<去都城>
[03-13 15:16:16][8]: [国战][貂蝉][屯田区蜀]->[成都]<去都城>
[03-13 15:16:16][8]: [国战][周泰][屯田区蜀]->[成都]<去都城>
[03-13 15:16:16][8]: [国战][祝融][屯田区蜀]->[成都]<去都城>
[03-13 15:16:26][8]: [国战][关羽][屯田区蜀]->[成都]<去都城>
[03-13 15:16:26][8]: [国战][甘宁][屯田区蜀]->[成都]<去都城>
[03-13 15:16:26][8]: [国战][貂蝉][屯田区蜀]->[成都]<去都城>
[03-13 15:16:26][8]: [国战][周泰][屯田区蜀]->[成都]<去都城>
[03-13 15:16:26][8]: [国战][祝融][屯田区蜀]->[成都]<去都城>
[03-13 15:16:32][8]: [国战]建筑队[晋阳]->[南皮]<屠城战利品>
[03-13 15:16:36][8]: [国战][关羽][屯田区蜀]->[成都]<去都城>
[03-13 15:16:36][8]: [国战][甘宁][屯田区蜀]->[成都]<去都城>
[03-13 15:16:36][8]: [国战][貂蝉][屯田区蜀]->[成都]<去都城>
[03-13 15:16:36][8]: [国战][周泰][屯田区蜀]->[成都]<去都城>
[03-13 15:16:36][8]: [国战][祝融][屯田区蜀]->[成都]<去都城>
[03-13 15:16:43][8]: [国战]建筑队[晋阳]->[南皮]<>
[03-13 15:16:46][8]: [国战][关羽][屯田区蜀]->[成都]<去都城>
[03-13 15:16:46][8]: [国战][甘宁][屯田区蜀]->[成都]<去都城>
[03-13 15:16:46][8]: [国战][貂蝉][屯田区蜀]->[成都]<去都城>
[03-13 15:16:46][8]: [国战][周泰][屯田区蜀]->[成都]<去都城>
[03-13 15:16:46][8]: [国战][祝融][屯田区蜀]->[成都]<去都城>
[03-13 15:16:47][8]: [国战]建筑队[晋阳]->[南皮]<>
[03-13 15:16:56][8]: [国战][关羽][屯田区蜀]->[成都]<去都城>
[03-13 15:16:56][8]: [国战][甘宁][屯田区蜀]->[成都]<去都城>
[03-13 15:16:56][8]: [国战][貂蝉][屯田区蜀]->[成都]<去都城>
[03-13 15:16:56][8]: [国战][周泰][屯田区蜀]->[成都]<去都城>
[03-13 15:16:56][8]: [国战][祝融][屯田区蜀]->[成都]<去都城>
[03-13 15:16:57][8]: [国战]建筑队[晋阳]->[南皮]<>
[03-13 15:17:06][8]: [国战][关羽][屯田区蜀]->[成都]<去都城>
[03-13 15:17:06][8]: [国战][甘宁][屯田区蜀]->[成都]<去都城>
[03-13 15:17:06][8]: [国战][貂蝉][屯田区蜀]->[成都]<去都城>
[03-13 15:17:06][8]: [国战][周泰][屯田区蜀]->[成都]<去都城>
[03-13 15:17:06][8]: [国战][祝融][屯田区蜀]->[成都]<去都城>
[03-13 15:17:16][8]: [国战][关羽][屯田区蜀]->[成都]<去都城>
[03-13 15:17:16][8]: [国战][甘宁][屯田区蜀]->[成都]<去都城>
[03-13 15:17:16][8]: [国战][貂蝉][屯田区蜀]->[成都]<去都城>
[03-13 15:17:16][8]: [国战][周泰][屯田区蜀]->[成都]<去都城>
[03-13 15:17:16][8]: [国战][祝融][屯田区蜀]->[成都]<去都城>
[03-13 15:17:26][8]: [国战][关羽][屯田区蜀]->[成都]<去都城>
[03-13 15:17:26][8]: [国战][甘宁][屯田区蜀]->[成都]<去都城>
[03-13 15:17:26][8]: [国战][貂蝉][屯田区蜀]->[成都]<去都城>
[03-13 15:17:26][8]: [国战][周泰][屯田区蜀]->[成都]<去都城>
[03-13 15:17:26][8]: [国战][祝融][屯田区蜀]->[成都]<去都城>
[03-13 15:17:36][8]: [国战][关羽][屯田区蜀]->[成都]<去都城>
[03-13 15:17:36][8]: [国战][甘宁][屯田区蜀]->[成都]<去都城>
[03-13 15:17:36][8]: [国战][貂蝉][屯田区蜀]->[成都]<去都城>
[03-13 15:17:36][8]: [国战][周泰][屯田区蜀]->[成都]<去都城>
[03-13 15:17:36][8]: [国战][祝融][屯田区蜀]->[成都]<去都城>
[03-13 15:17:46][8]: [国战][关羽][屯田区蜀]->[成都]<去都城>
[03-13 15:17:46][8]: [国战][甘宁][屯田区蜀]->[成都]<去都城>
[03-13 15:17:46][8]: [国战][貂蝉][屯田区蜀]->[成都]<去都城>
[03-13 15:17:46][8]: [国战][周泰][屯田区蜀]->[成都]<去都城>
[03-13 15:17:46][8]: [国战][祝融][屯田区蜀]->[成都]<去都城>
[03-13 15:17:56][8]: [国战][关羽][屯田区蜀]->[成都]<去都城>
[03-13 15:17:56][8]: [国战][甘宁][屯田区蜀]->[成都]<去都城>
[03-13 15:17:56][8]: [国战][貂蝉][屯田区蜀]->[成都]<去都城>
[03-13 15:17:56][8]: [国战][周泰][屯田区蜀]->[成都]<去都城>
[03-13 15:17:56][8]: [国战][祝融][屯田区蜀]->[成都]<去都城>
[03-13 15:18:06][8]: [国战][关羽][屯田区蜀]->[成都]<去都城>
[03-13 15:18:06][8]: [国战][甘宁][屯田区蜀]->[成都]<去都城>
[03-13 15:18:06][8]: [国战][貂蝉][屯田区蜀]->[成都]<去都城>
[03-13 15:18:06][8]: [国战][周泰][屯田区蜀]->[成都]<去都城>
[03-13 15:18:06][8]: [国战][祝融][屯田区蜀]->[成都]<去都城>
[03-13 15:18:16][8]: [国战][关羽][屯田区蜀]->[成都]<去都城>
[03-13 15:18:16][8]: [国战][甘宁][屯田区蜀]->[成都]<去都城>
[03-13 15:18:16][8]: [国战][貂蝉][屯田区蜀]->[成都]<去都城>
[03-13 15:18:16][8]: [国战][周泰][屯田区蜀]->[成都]<去都城>
[03-13 15:18:16][8]: [国战][祝融][屯田区蜀]->[成都]<去都城>
[03-13 15:18:26][8]: [国战][关羽][屯田区蜀]->[成都]<去都城>
[03-13 15:18:26][8]: [国战][甘宁][屯田区蜀]->[成都]<去都城>
[03-13 15:18:26][8]: [国战][貂蝉][屯田区蜀]->[成都]<去都城>
[03-13 15:18:26][8]: [国战][周泰][屯田区蜀]->[成都]<去都城>
[03-13 15:18:26][8]: [国战][祝融][屯田区蜀]->[成都]<去都城>
[03-13 15:18:36][8]: [国战][关羽][屯田区蜀]->[成都]<去都城>
[03-13 15:18:36][8]: [国战][甘宁][屯田区蜀]->[成都]<去都城>
[03-13 15:18:36][8]: [国战][貂蝉][屯田区蜀]->[成都]<去都城>
[03-13 15:18:36][8]: [国战][周泰][屯田区蜀]->[成都]<去都城>
[03-13 15:18:36][8]: [国战][祝融][屯田区蜀]->[成都]<去都城>
[03-13 15:18:46][8]: [国战][关羽][屯田区蜀]->[成都]<去都城>
[03-13 15:18:46][8]: [国战][甘宁][屯田区蜀]->[成都]<去都城>
[03-13 15:18:46][8]: [国战][貂蝉][屯田区蜀]->[成都]<去都城>
[03-13 15:18:46][8]: [国战][周泰][屯田区蜀]->[成都]<去都城>
[03-13 15:18:46][8]: [国战][祝融][屯田区蜀]->[成都]<去都城>
[03-13 15:18:56][8]: [国战][关羽][屯田区蜀]->[成都]<去都城>
[03-13 15:18:56][8]: [国战][甘宁][屯田区蜀]->[成都]<去都城>
[03-13 15:18:56][8]: [国战][貂蝉][屯田区蜀]->[成都]<去都城>
[03-13 15:18:56][8]: [国战][周泰][屯田区蜀]->[成都]<去都城>
[03-13 15:18:56][8]: [国战][祝融][屯田区蜀]->[成都]<去都城>
[03-13 15:18:57][8]: [国战]建筑队[晋阳]->[南皮]<屠城战利品>
[03-13 15:19:06][8]: [国战][关羽][屯田区蜀]->[成都]<去都城>
[03-13 15:19:06][8]: [国战][甘宁][屯田区蜀]->[成都]<去都城>
[03-13 15:19:06][8]: [国战][貂蝉][屯田区蜀]->[成都]<去都城>
[03-13 15:19:06][8]: [国战][周泰][屯田区蜀]->[成都]<去都城>
[03-13 15:19:06][8]: [国战][祝融][屯田区蜀]->[成都]<去都城>
[03-13 15:19:10][8]: [跨服_远征]<甘宁>[陇西北]==>[天水南]<开赴战场>
[03-13 15:19:10][8]: [跨服_远征]当前免费普通幻影个数[60],可释放[20]个
[03-13 15:19:10][8]: [跨服_远征][陇西北]中武将使用普通幻影[免费幻影乱丢]
[03-13 15:19:10][8]: [跨服_远征][陇西北]中武将使用普通幻影[免费幻影乱丢]
[03-13 15:19:10][8]: [跨服_远征][陇西北]中武将使用普通幻影[免费幻影乱丢]
[03-13 15:19:10][8]: [跨服_远征][陇西北]中武将使用普通幻影[免费幻影乱丢]
[03-13 15:19:10][8]: [跨服_远征][陇西北]中武将使用普通幻影[免费幻影乱丢]
[03-13 15:19:10][8]: [跨服_远征][陇西北]中武将使用普通幻影[免费幻影乱丢]
[03-13 15:19:10][8]: [跨服_远征][陇西北]中武将使用普通幻影[免费幻影乱丢]
[03-13 15:19:10][8]: [跨服_远征][陇西北]中武将使用普通幻影[免费幻影乱丢]
[03-13 15:19:10][8]: [跨服_远征][陇西北]中武将使用普通幻影[免费幻影乱丢]
[03-13 15:19:10][8]: [跨服_远征][陇西北]中武将使用普通幻影[免费幻影乱丢]
[03-13 15:19:10][8]: [跨服_远征][陇西北]中武将使用普通幻影[免费幻影乱丢]
[03-13 15:19:10][8]: [跨服_远征][陇西北]中武将使用普通幻影[免费幻影乱丢]
[03-13 15:19:10][8]: [跨服_远征][陇西北]中武将使用普通幻影[免费幻影乱丢]
[03-13 15:19:10][8]: [跨服_远征][陇西北]中武将使用普通幻影[免费幻影乱丢]
[03-13 15:19:10][8]: [跨服_远征][陇西北]中武将使用普通幻影[免费幻影乱丢]
[03-13 15:19:10][8]: [跨服_远征][陇西北]中武将使用普通幻影[免费幻影乱丢]
[03-13 15:19:10][8]: [跨服_远征][陇西北]中武将使用普通幻影[免费幻影乱丢]
[03-13 15:19:10][8]: [跨服_远征][陇西北]中武将使用普通幻影[免费幻影乱丢]
[03-13 15:19:10][8]: [跨服_远征][陇西北]中武将使用普通幻影[免费幻影乱丢]
[03-13 15:19:10][8]: [跨服_远征][陇西北]中武将使用普通幻影[免费幻影乱丢]
[03-13 15:19:10][8]: [跨服_远征][陇西北]中武将出击
[03-13 15:19:16][8]: [国战][关羽][屯田区蜀]->[成都]<去都城>
[03-13 15:19:16][8]: [国战][甘宁][屯田区蜀]->[成都]<去都城>
[03-13 15:19:16][8]: [国战][貂蝉][屯田区蜀]->[成都]<去都城>
[03-13 15:19:16][8]: [国战][周泰][屯田区蜀]->[成都]<去都城>
[03-13 15:19:16][8]: [国战][祝融][屯田区蜀]->[成都]<去都城>
[03-13 15:19:25][8]: [跨服_远征]当前免费普通幻影个数[40],可释放[20]个
[03-13 15:19:25][8]: [跨服_远征][陇西北]中武将使用普通幻影[免费幻影乱丢]
[03-13 15:19:25][8]: [跨服_远征][陇西北]中武将使用普通幻影[免费幻影乱丢]
[03-13 15:19:25][8]: [跨服_远征][陇西北]中武将使用普通幻影[免费幻影乱丢]
[03-13 15:19:25][8]: [跨服_远征][陇西北]中武将使用普通幻影[免费幻影乱丢]
[03-13 15:19:25][8]: [跨服_远征][陇西北]中武将使用普通幻影[免费幻影乱丢]
[03-13 15:19:25][8]: [跨服_远征][陇西北]中武将使用普通幻影[免费幻影乱丢]
[03-13 15:19:25][8]: [跨服_远征][陇西北]中武将使用普通幻影[免费幻影乱丢]
[03-13 15:19:25][8]: [跨服_远征][陇西北]中武将使用普通幻影[免费幻影乱丢]
[03-13 15:19:25][8]: [跨服_远征][陇西北]中武将使用普通幻影[免费幻影乱丢]
[03-13 15:19:25][8]: [跨服_远征][陇西北]中武将使用普通幻影[免费幻影乱丢]
[03-13 15:19:25][8]: [跨服_远征][陇西北]中武将使用普通幻影[免费幻影乱丢]
[03-13 15:19:25][8]: [跨服_远征][陇西北]中武将使用普通幻影[免费幻影乱丢]
[03-13 15:19:25][8]: [跨服_远征][陇西北]中武将使用普通幻影[免费幻影乱丢]
[03-13 15:19:25][8]: [跨服_远征][陇西北]中武将使用普通幻影[免费幻影乱丢]
[03-13 15:19:25][8]: [跨服_远征][陇西北]中武将使用普通幻影[免费幻影乱丢]
[03-13 15:19:25][8]: [跨服_远征][陇西北]中武将使用普通幻影[免费幻影乱丢]
[03-13 15:19:25][8]: [跨服_远征][陇西北]中武将使用普通幻影[免费幻影乱丢]
[03-13 15:19:25][8]: [跨服_远征][陇西北]中武将使用普通幻影[免费幻影乱丢]
[03-13 15:19:25][8]: [跨服_远征][陇西北]中武将使用普通幻影[免费幻影乱丢]
[03-13 15:19:25][8]: [跨服_远征][陇西北]中武将使用普通幻影[免费幻影乱丢]
[03-13 15:19:25][8]: [跨服_远征][陇西北]中武将出击
[03-13 15:19:26][8]: [国战][关羽][屯田区蜀]->[成都]<去都城>
[03-13 15:19:26][8]: [国战][甘宁][屯田区蜀]->[成都]<去都城>
[03-13 15:19:26][8]: [国战][貂蝉][屯田区蜀]->[成都]<去都城>
[03-13 15:19:26][8]: [国战][周泰][屯田区蜀]->[成都]<去都城>
[03-13 15:19:26][8]: [国战][祝融][屯田区蜀]->[成都]<去都城>
[03-13 15:19:36][8]: [国战][关羽][屯田区蜀]->[成都]<去都城>
[03-13 15:19:36][8]: [国战][甘宁][屯田区蜀]->[成都]<去都城>
[03-13 15:19:36][8]: [国战][貂蝉][屯田区蜀]->[成都]<去都城>
[03-13 15:19:36][8]: [国战][周泰][屯田区蜀]->[成都]<去都城>
[03-13 15:19:36][8]: [国战][祝融][屯田区蜀]->[成都]<去都城>
[03-13 15:19:40][8]: [跨服_远征]当前免费普通幻影个数[20],可释放[17]个
[03-13 15:19:40][8]: [跨服_远征][陇西北]中武将使用普通幻影[免费幻影乱丢]
[03-13 15:19:40][8]: [跨服_远征][陇西北]中武将使用普通幻影[免费幻影乱丢]
[03-13 15:19:40][8]: [跨服_远征][陇西北]中武将使用普通幻影[免费幻影乱丢]
[03-13 15:19:40][8]: [跨服_远征][陇西北]中武将使用普通幻影[免费幻影乱丢]
[03-13 15:19:40][8]: [跨服_远征][陇西北]中武将使用普通幻影[免费幻影乱丢]
[03-13 15:19:40][8]: [跨服_远征][陇西北]中武将使用普通幻影[免费幻影乱丢]
[03-13 15:19:40][8]: [跨服_远征][陇西北]中武将使用普通幻影[免费幻影乱丢]
[03-13 15:19:40][8]: [跨服_远征][陇西北]中武将使用普通幻影[免费幻影乱丢]
[03-13 15:19:40][8]: [跨服_远征][陇西北]中武将使用普通幻影[免费幻影乱丢]
[03-13 15:19:40][8]: [跨服_远征][陇西北]中武将使用普通幻影[免费幻影乱丢]
[03-13 15:19:40][8]: [跨服_远征][陇西北]中武将使用普通幻影[免费幻影乱丢]
[03-13 15:19:40][8]: [跨服_远征][陇西北]中武将使用普通幻影[免费幻影乱丢]
[03-13 15:19:40][8]: [跨服_远征][陇西北]中武将使用普通幻影[免费幻影乱丢]
[03-13 15:19:40][8]: [跨服_远征][陇西北]中武将使用普通幻影[免费幻影乱丢]
[03-13 15:19:40][8]: [跨服_远征][陇西北]中武将使用普通幻影[免费幻影乱丢]
[03-13 15:19:40][8]: [跨服_远征][陇西北]中武将使用普通幻影[免费幻影乱丢]
[03-13 15:19:40][8]: [跨服_远征][陇西北]中武将使用普通幻影[免费幻影乱丢]
[03-13 15:19:40][8]: [跨服_远征][陇西北]中武将出击
[03-13 15:19:46][8]: [国战][关羽][屯田区蜀]->[成都]<去都城>
[03-13 15:19:46][8]: [国战][甘宁][屯田区蜀]->[成都]<去都城>
[03-13 15:19:46][8]: [国战][貂蝉][屯田区蜀]->[成都]<去都城>
[03-13 15:19:46][8]: [国战][周泰][屯田区蜀]->[成都]<去都城>
[03-13 15:19:46][8]: [国战][祝融][屯田区蜀]->[成都]<去都城>
[03-13 15:19:46][15]: 连接结束
[03-13 15:19:46][15]: 状态改为[其他位置登录],根据设置,将在1800秒内重新登录
