[08-17 13:57:33][15]: [国战][荥阳东]中武将出击[6:195]
[08-17 13:57:36][15]: [升级建筑]领取墨子日常奖励,  粮食+720万 
[08-17 13:57:36][15]: [升级建筑]领取墨子日常奖励,  陨铁+8  战车图纸+1 
[08-17 13:57:36][15]: [古城探宝]开始探宝地图[若羌]
[08-17 13:57:43][15]: [国战][荥阳东]中武将出击[6:200]
[08-17 13:57:45][15]: [国战]使用[7/8]瓶觉醒酒对武将[司马懿]进行觉醒
[08-17 13:58:06][15]: [国战]建筑队[洛阳]->[汝南]<屠城战利品>
[08-17 13:58:14][15]: [丝绸之路]丝绸之路当前位于位置0
[08-17 13:58:14][15]: [丝绸之路]丝绸不足, 将不执行丝绸之路
[08-17 13:58:17][15]: [大宴群雄]获取大宴群雄随机邀请奖励,  丝绸+5500 
[08-17 13:58:20][15]: [大宴群雄]获取大宴群雄随机邀请奖励,  丝绸+6500 
[08-17 13:58:20][15]: [国战]领取军务任务:[鍾城杀敌:<371>][在鍾国城池中击杀敌军800万]
[08-17 13:58:21][15]: [国战]领取军务任务:[鍾城杀敌:<371>][在鍾国城池中击杀敌军800万]
[08-17 13:58:21][15]: [锻造宝物2]熔炉2(2360)所铸造宝物[金鳞玄甲]底层材料不足, 等待下次刷新
[08-17 13:58:22][15]: [大宴群雄]获取大宴群雄开启盛宴奖励,  丝绸+1.5万  西域锦囊+130 
[08-17 13:58:23][15]: [国战]建筑队[汝南]->[洛阳]<世界事件执行完毕,返回指定城池[洛阳]>
[08-17 13:58:23][15]: [国战]建筑队[汝南]->[洛阳]<>
[08-17 13:58:23][15]: [国战][汝南]领取屠城战利品,  一级宝石+60 
[08-17 13:58:25][15]: [国战][杀敌军务强制]使用募兵令恢复武将[黄月英]兵力, 剩余[2855]个
[08-17 13:58:25][15]: [大宴群雄]获取大宴群雄随机邀请奖励,  丝绸+6500 
[08-17 13:58:25][15]: [国战]使用募兵令快速募兵, 消耗募兵令1个, 还剩余2855个
[08-17 13:58:28][15]: [大宴群雄]获取大宴群雄开启盛宴奖励,  丝绸+1.5万  西域锦囊+130 
[08-17 13:58:31][15]: [大宴群雄]获取大宴群雄随机邀请奖励,  丝绸+5500 
[08-17 13:58:31][15]: [军需处]当前所有商品:[银币*10万]==>[木材*2万<红色>]<9973>; [银币*1000]==>[募兵令*3<黄色>]<9974><已买>; [金币*4000]==>[鲁桑一图纸*1]<9975>; [银币*10万]==>[募兵令*30<紫色>]<9976><已买>; [银币*3000万]==>[战车改装券*8<紫色>]<9977>; [木材*300万]==>[银币<黑市>]<9978>; [银币*30万]==>[一级宝石*300<黄色>]<9979>; [银币*10万]==>[镔铁*8万<黄色>]<9980>; [银币*1000万]==>[御宝精粹*10<紫色>]<9981>; 
[08-17 13:58:33][15]: [大宴群雄]获取大宴群雄使用请柬奖励,  丝绸+1.2万 
[08-17 13:58:36][15]: [大宴群雄]获取大宴群雄随机邀请奖励,  丝绸+6500 
[08-17 13:58:38][15]: [国战]领取军务任务:[攻陷鍾城:<372>][占领鍾国城池2座]
[08-17 13:58:38][15]: [国战]领取军务任务:[攻陷鍾城:<372>][占领鍾国城池2座]
[08-17 13:58:39][15]: [大宴群雄]获取大宴群雄随机邀请奖励,  丝绸+1.1万 
[08-17 13:58:40][15]: [国战]建筑队[洛阳]->[汝南]<屠城战利品>
[08-17 13:58:41][15]: [大宴群雄]获取大宴群雄随机邀请奖励,  丝绸+1.4万 
[08-17 13:58:44][15]: [大宴群雄]获取大宴群雄随机邀请奖励,  丝绸+1.3万 
[08-17 13:58:47][15]: [大宴群雄]获取大宴群雄随机邀请奖励,  丝绸+1.3万 
[08-17 13:58:50][15]: [大宴群雄]获取大宴群雄随机邀请奖励,  丝绸+5500 
[08-17 13:58:52][15]: [大宴群雄]获取大宴群雄使用请柬奖励,  丝绸+6000 
[08-17 13:58:55][15]: [大宴群雄]获取大宴群雄随机邀请奖励,  丝绸+5500 
[08-17 13:58:57][15]: [国战]建筑队[汝南]->[洛阳]<世界事件执行完毕,返回指定城池[洛阳]>
[08-17 13:58:57][15]: [国战]建筑队[汝南]->[洛阳]<>
[08-17 13:58:57][15]: [国战][汝南]领取屠城战利品,  一级宝石+60 
[08-17 13:58:58][15]: [大宴群雄]获取大宴群雄随机邀请奖励,  丝绸+5000 
[08-17 13:59:00][15]: [大宴群雄]获取大宴群雄使用请柬奖励,  丝绸+6000 
[08-17 13:59:03][15]: [大宴群雄]获取大宴群雄随机邀请奖励,  丝绸+5500 
[08-17 13:59:06][15]: [大宴群雄]获取大宴群雄随机邀请奖励,  丝绸+10000 
[08-17 13:59:08][15]: [大宴群雄]获取大宴群雄使用请柬奖励,  丝绸+6000 
[08-17 13:59:11][15]: [大宴群雄]获取大宴群雄使用请柬奖励,  丝绸+6000 
[08-17 13:59:14][15]: [大宴群雄]获取大宴群雄随机邀请奖励,  丝绸+1.4万 
[08-17 13:59:25][15]: [年中庆典]开启阶段性宝箱
[08-17 14:00:47][15]: [商店|仓库]使用[初级兵书卷轴]
[08-17 14:00:48][15]: [商店|仓库]开启兵书卷轴,  [type=315]+5  [type=315]+5  [type=315]+5  高级丹书铁券+50  高级丹书铁券+50  兵书[血量]  兵书[防御]  兵书[强攻]  [type=315]+5 
[08-17 14:00:54][15]: [锻造宝物2]宝物材料:熔炉[2<2360>],宝物[金鳞玄甲],材料<黄金锭:10/150>, 子进度:[碎金块:29/40]
[08-17 14:00:54][15]: [锻造宝物2]宝物材料:熔炉[2<2360>],宝物[金鳞玄甲],材料<黄金锭:10/150>, 子进度:[碎金块:30/40]
[08-17 14:01:06][15]: [古城探宝]开始探宝地图[若羌]
[08-17 14:01:06][15]: [古城探宝]目前探宝地图[若羌][罗布泊], 还剩骰子次数[1]次, 还剩步数[0]步
[08-17 14:01:07][15]: [年中庆典]开启阶段性宝箱
[08-17 14:01:07][15]: [古城探宝]探宝掷骰子, 点数为[4]
[08-17 14:01:07][15]: [古城探宝]目前探宝地图[若羌][罗布泊], 还剩骰子次数[0]次, 还剩步数[4]步
[08-17 14:01:07][15]: [古城探宝]探宝移动, 目标:罗布泊北, 路径:1042,1041
[08-17 14:01:07][15]: [古城探宝]目前探宝地图[若羌][罗布泊北], 还剩骰子次数[0]次, 还剩步数[3]步
[08-17 14:01:08][15]: [古城探宝]探宝移动, 目标:海头, 路径:1041,1036
[08-17 14:01:08][15]: [古城探宝]目前探宝地图[若羌][海头], 还剩骰子次数[0]次, 还剩步数[2]步
[08-17 14:01:08][15]: [古城探宝]探宝移动, 目标:若羌古城, 路径:1036,1037
[08-17 14:01:08][15]: [古城探宝]获取探宝地图最终宝箱奖励,  经验值+300万 
[08-17 14:01:09][15]: [古城探宝]选择探宝地图[点券|精炼]
[08-17 14:01:09][15]: [古城探宝]开始探宝地图[点券|精炼]
[08-17 14:01:09][15]: [古城探宝]开始限时探宝地图:点券|精炼
[08-17 14:01:09][15]: [古城探宝]探宝移动, 目标:北平原, 路径[1133,1131] 获得:  [宝箱2个,  经验值+150万 ]
[08-17 14:01:10][15]: [古城探宝]开始限时探宝地图:点券|精炼
[08-17 14:01:11][15]: [古城探宝]探宝移动, 目标:城外平原, 路径[1131,1130] 获得:  [宝箱1个,  经验值+50万 ]
[08-17 14:01:12][15]: [古城探宝]开始限时探宝地图:点券|精炼
[08-17 14:01:12][15]: [古城探宝]探宝移动, 目标:聚贤地, 路径[1130,1129] 获得:  [宝箱1个,  经验值+50万 ]
[08-17 14:01:13][15]: [古城探宝]开始限时探宝地图:点券|精炼
[08-17 14:01:13][15]: [古城探宝]探宝移动, 目标:虎牢外山, 路径[1129,1128,1131,1133,1135] 获得: 
[08-17 14:01:17][15]: [古城探宝]开始限时探宝地图:点券|精炼
[08-17 14:01:17][15]: [古城探宝]探宝移动, 目标:虎牢山, 路径[1135,1136] 获得:  [宝箱3个,  经验值+250万 ]
[08-17 14:01:19][15]: [古城探宝]开始限时探宝地图:点券|精炼
[08-17 14:01:19][15]: [古城探宝]探宝移动, 目标:虎牢关, 路径[1136,1137] 获得:  [宝箱1个,  经验值+50万 ]
[08-17 14:01:20][15]: [古城探宝]开始限时探宝地图:点券|精炼
[08-17 14:01:20][15]: [古城探宝]探宝移动, 目标:洛阳山, 路径[1137,1138] 获得:  [宝箱2个,  经验值+150万 ]
[08-17 14:01:21][15]: [古城探宝]开始限时探宝地图:点券|精炼
[08-17 14:01:21][15]: [古城探宝]探宝移动, 目标:虎牢外山, 路径[1138,1137,1135] 获得: 
[08-17 14:01:23][15]: [古城探宝]开始限时探宝地图:点券|精炼
[08-17 14:01:24][15]: [古城探宝]探宝移动, 目标:汜水关, 路径[1135,1133] 获得:  [宝箱1个,  经验值+50万 ]
[08-17 14:01:25][15]: [古城探宝]开始限时探宝地图:点券|精炼
[08-17 14:01:25][15]: [古城探宝]探宝移动, 目标:南平原, 路径[1133,1132] 获得:  [宝箱2个,  经验值+150万 ]
[08-17 14:01:26][15]: [古城探宝]开始限时探宝地图:点券|精炼
[08-17 14:01:26][15]: [古城探宝]探宝移动, 目标:军营郊外, 路径[1132,1128] 获得:  [宝箱1个,  经验值+50万 ]
[08-17 14:01:28][15]: [古城探宝]开始限时探宝地图:点券|精炼
[08-17 14:01:28][15]: [古城探宝]探宝移动, 目标:聚贤地, 路径[1128,1129] 获得:  [宝箱3个,  经验值+250万 ]
[08-17 14:01:29][15]: [古城探宝]开始限时探宝地图:点券|精炼
[08-17 14:01:29][15]: [古城探宝]探宝移动, 目标:军营郊外, 路径[1129,1128] 获得: 
[08-17 14:01:30][15]: [古城探宝]开始限时探宝地图:点券|精炼
[08-17 14:01:30][15]: [古城探宝]探宝移动, 目标:北平原, 路径[1128,1131] 获得:  [宝箱3个,  经验值+250万 ]
[08-17 14:01:31][15]: [古城探宝]开始限时探宝地图:点券|精炼
[08-17 14:01:32][15]: [古城探宝]探宝移动, 目标:汜水关, 路径[1131,1133] 获得:  [宝箱2个,  经验值+150万 ]
[08-17 14:01:33][15]: [古城探宝]开始限时探宝地图:点券|精炼
[08-17 14:01:33][15]: [古城探宝]探宝移动, 目标:南平原, 路径[1133,1132] 获得:  [宝箱1个,  经验值+50万 ]
[08-17 14:01:34][15]: [古城探宝]开始限时探宝地图:点券|精炼
[08-17 14:01:34][15]: [古城探宝]探宝移动, 目标:汜水关, 路径[1132,1133] 获得: 
[08-17 14:01:35][15]: [古城探宝]开始限时探宝地图:点券|精炼
[08-17 14:01:36][15]: [古城探宝]探宝移动, 目标:虎牢外山, 路径[1133,1135] 获得:  [宝箱3个,  经验值+250万 ]
[08-17 14:01:37][15]: [古城探宝]开始限时探宝地图:点券|精炼
[08-17 14:01:37][15]: [古城探宝]探宝移动, 目标:汜水关, 路径[1135,1133] 获得: 
[08-17 14:01:38][15]: [古城探宝]开始限时探宝地图:点券|精炼
[08-17 14:01:38][15]: [古城探宝]探宝移动, 目标:北平原, 路径[1133,1131] 获得:  [宝箱1个,  经验值+50万 ]
[08-17 14:01:39][15]: [古城探宝]开始限时探宝地图:点券|精炼
[08-17 14:01:39][15]: [古城探宝]离开探宝
[08-17 14:01:42][15]: [古城探宝]选择探宝地图[镔铁]
[08-17 14:01:42][15]: [古城探宝]开始探宝地图[镔铁]
[08-17 14:01:42][15]: [古城探宝]开始限时探宝地图:镔铁
[08-17 14:01:42][15]: [古城探宝]探宝移动, 目标:洛阳北, 路径[1107,1106] 获得:  [宝箱2个,  镔铁+150万 ]
[08-17 14:01:44][15]: [古城探宝]开始限时探宝地图:镔铁
[08-17 14:01:44][15]: [古城探宝]探宝移动, 目标:东岭关, 路径[1106,1104] 获得:  [宝箱1个,  镔铁+50万 ]
[08-17 14:01:45][15]: [古城探宝]开始限时探宝地图:镔铁
[08-17 14:01:45][15]: [古城探宝]探宝移动, 目标:洛阳关, 路径[1104,1105] 获得:  [宝箱1个,  镔铁+50万 ]
[08-17 14:01:46][15]: [古城探宝]开始限时探宝地图:镔铁
[08-17 14:01:47][15]: [古城探宝]探宝移动, 目标:荥阳关, 路径[1105,1107,1108] 获得: 
[08-17 14:01:49][15]: [古城探宝]开始限时探宝地图:镔铁
[08-17 14:01:49][15]: [古城探宝]探宝移动, 目标:荥阳南, 路径[1108,1109] 获得:  [宝箱3个,  镔铁+250万 ]
[08-17 14:01:50][15]: [古城探宝]开始限时探宝地图:镔铁
[08-17 14:01:50][15]: [古城探宝]探宝移动, 目标:滑州关, 路径[1109,1108,1111] 获得: 
[08-17 14:01:52][15]: [古城探宝]开始限时探宝地图:镔铁
[08-17 14:01:53][15]: [古城探宝]探宝移动, 目标:冀州, 路径[1111,1112] 获得:  [宝箱2个,  镔铁+150万 ]
[08-17 14:01:54][15]: [古城探宝]开始限时探宝地图:镔铁
[08-17 14:01:54][15]: [古城探宝]探宝移动, 目标:冀州北, 路径[1112,1113] 获得:  [宝箱1个,  镔铁+50万 ]
[08-17 14:01:55][15]: [古城探宝]开始限时探宝地图:镔铁
[08-17 14:01:55][15]: [古城探宝]探宝移动, 目标:洛阳关, 路径[1113,1112,1111,1108,1107,1105] 获得: 
[08-17 14:02:01][15]: [古城探宝]开始限时探宝地图:镔铁
[08-17 14:02:01][15]: [古城探宝]探宝移动, 目标:东岭关, 路径[1105,1104] 获得:  [宝箱2个,  镔铁+150万 ]
[08-17 14:02:02][15]: [古城探宝]开始限时探宝地图:镔铁
[08-17 14:02:02][15]: [古城探宝]探宝移动, 目标:东岭南, 路径[1104,1103] 获得:  [宝箱3个,  镔铁+250万 ]
[08-17 14:02:03][15]: [古城探宝]开始限时探宝地图:镔铁
[08-17 14:02:03][15]: [锻造宝物2]熔炉2(2360)所铸造宝物[金鳞玄甲]底层材料不足, 等待下次刷新
[08-17 14:02:03][15]: [古城探宝]探宝移动, 目标:蓟城, 路径[1103,1102] 获得: 
[08-17 14:02:05][15]: [古城探宝]开始限时探宝地图:镔铁
[08-17 14:02:05][15]: [古城探宝]探宝移动, 目标:北平, 路径[1102,1101] 获得:  [宝箱1个,  镔铁+50万 ]
[08-17 14:02:06][15]: [古城探宝]开始限时探宝地图:镔铁
[08-17 14:02:06][15]: [古城探宝]探宝移动, 目标:东岭关, 路径[1101,1102,1103,1104] 获得: 
[08-17 14:02:09][15]: [古城探宝]开始限时探宝地图:镔铁
[08-17 14:02:10][15]: [古城探宝]探宝移动, 目标:洛阳北, 路径[1104,1106] 获得:  [宝箱2个,  镔铁+150万 ]
[08-17 14:02:11][15]: [古城探宝]开始限时探宝地图:镔铁
[08-17 14:02:11][15]: [古城探宝]探宝移动, 目标:荥阳关, 路径[1106,1107] 获得: 
[08-17 14:02:12][15]: [古城探宝]开始限时探宝地图:镔铁
[08-17 14:02:13][15]: [古城探宝]开始限时探宝地图:镔铁
[08-17 14:02:14][15]: [古城探宝]离开探宝
[08-17 14:02:16][15]: [古城探宝]选择探宝地图[宝石]
[08-17 14:02:16][15]: [古城探宝]开始探宝地图[宝石]
[08-17 14:02:17][15]: [古城探宝]开始限时探宝地图:宝石
[08-17 14:02:17][15]: [古城探宝]探宝移动, 目标:白马, 路径[1120,1119] 获得:  [宝箱1个,  一级宝石+300 ]
[08-17 14:02:18][15]: [古城探宝]开始限时探宝地图:宝石
[08-17 14:02:18][15]: [古城探宝]探宝移动, 目标:官渡, 路径[1119,1114,1124] 获得: 
[08-17 14:02:20][15]: [古城探宝]开始限时探宝地图:宝石
[08-17 14:02:20][15]: [古城探宝]探宝移动, 目标:南岸东郊, 路径[1124,1123] 获得:  [宝箱1个,  一级宝石+300 ]
[08-17 14:02:22][15]: [古城探宝]开始限时探宝地图:宝石
[08-17 14:02:22][15]: [古城探宝]探宝移动, 目标:北岸东郊, 路径[1123,1122] 获得: 
[08-17 14:02:23][15]: [古城探宝]开始限时探宝地图:宝石
[08-17 14:02:23][15]: [古城探宝]探宝移动, 目标:名仕雅居, 路径[1122,1126] 获得:  [宝箱3个,  一级宝石+1500 ]
[08-17 14:02:24][15]: [古城探宝]开始限时探宝地图:宝石
[08-17 14:02:24][15]: [古城探宝]探宝移动, 目标:北岸东郊, 路径[1126,1122] 获得: 
[08-17 14:02:25][15]: [古城探宝]开始限时探宝地图:宝石
[08-17 14:02:26][15]: [古城探宝]探宝移动, 目标:仓亭东, 路径[1122,1121] 获得:  [宝箱1个,  一级宝石+300 ]
[08-17 14:02:27][15]: [古城探宝]开始限时探宝地图:宝石
[08-17 14:02:27][15]: [古城探宝]探宝移动, 目标:仓亭, 路径[1121,1118] 获得:  [宝箱2个,  一级宝石+900 ]
[08-17 14:02:28][15]: [古城探宝]开始限时探宝地图:宝石
[08-17 14:02:28][15]: [古城探宝]探宝移动, 目标:西平原, 路径[1118,1116] 获得:  [宝箱2个,  一级宝石+900 ]
[08-17 14:02:29][15]: [古城探宝]开始限时探宝地图:宝石
[08-17 14:02:29][15]: [古城探宝]探宝移动, 目标:大营北郊, 路径[1116,1115] 获得: 
[08-17 14:02:31][15]: [古城探宝]开始限时探宝地图:宝石
[08-17 14:02:31][15]: [古城探宝]探宝移动, 目标:我军大营, 路径[1115,1114] 获得:  [宝箱3个,  一级宝石+1500 ]
[08-17 14:02:32][15]: [古城探宝]开始限时探宝地图:宝石
[08-17 14:02:32][15]: [古城探宝]探宝移动, 目标:官渡, 路径[1114,1124] 获得:  [宝箱1个,  一级宝石+300 ]
[08-17 14:02:33][15]: [古城探宝]开始限时探宝地图:宝石
[08-17 14:02:33][15]: [古城探宝]探宝移动, 目标:乌巢, 路径[1124,1125] 获得:  [宝箱1个,  一级宝石+300 ]
[08-17 14:02:35][15]: [古城探宝]开始限时探宝地图:宝石
[08-17 14:02:35][15]: [古城探宝]探宝移动, 目标:我军大营, 路径[1125,1124,1114] 获得: 
[08-17 14:02:37][15]: [古城探宝]开始限时探宝地图:宝石
[08-17 14:02:37][15]: [古城探宝]探宝移动, 目标:白马, 路径[1114,1119] 获得:  [宝箱2个,  一级宝石+900 ]
[08-17 14:02:38][15]: [古城探宝]开始限时探宝地图:宝石
[08-17 14:02:39][15]: [古城探宝]探宝移动, 目标:东平原, 路径[1119,1120] 获得: 
[08-17 14:02:40][15]: [古城探宝]开始限时探宝地图:宝石
[08-17 14:02:40][15]: [古城探宝]探宝移动, 目标:仓亭, 路径[1120,1118] 获得:  [宝箱2个,  一级宝石+900 ]
[08-17 14:02:41][15]: [古城探宝]开始限时探宝地图:宝石
[08-17 14:02:41][15]: [古城探宝]探宝移动, 目标:西平原, 路径[1118,1116] 获得:  [宝箱3个,  一级宝石+1500 ]
[08-17 14:02:42][15]: [古城探宝]开始限时探宝地图:宝石
[08-17 14:02:43][15]: [古城探宝]探宝移动, 目标:大营北郊, 路径[1116,1115] 获得: 
[08-17 14:02:44][15]: [古城探宝]开始限时探宝地图:宝石
[08-17 14:02:44][15]: [古城探宝]探宝移动, 目标:我军大营, 路径[1115,1114] 获得:  [宝箱1个,  一级宝石+300 ]
[08-17 14:02:45][15]: [古城探宝]开始限时探宝地图:宝石
[08-17 14:02:45][15]: [古城探宝]探宝移动, 目标:官渡, 路径[1114,1124] 获得: 
[08-17 14:02:46][15]: [古城探宝]开始限时探宝地图:宝石
[08-17 14:02:48][15]: [古城探宝]开始限时探宝地图:宝石
[08-17 14:02:48][15]: [古城探宝]离开探宝
[08-17 14:02:50][15]: [古城探宝]未发现可用的限时地图, 不执行
